<?xml version="1.0" encoding="UTF-8"?>
<testsuite xmlns:xsi="http://www.w3.org/2001/XMLSchema-instance" xsi:noNamespaceSchemaLocation="https://maven.apache.org/surefire/maven-surefire-plugin/xsd/surefire-test-report.xsd" version="3.0.2" name="TestSuite" time="14.766" tests="2" errors="0" skipped="0" failures="0">
  <properties>
    <property name="java.specification.version" value="17"/>
    <property name="sun.cpu.isalist" value="amd64"/>
    <property name="sun.jnu.encoding" value="Cp1252"/>
    <property name="java.class.path" value="C:\Users\lenovo\Desktop\MaraBatch\ActiTIME\target\test-classes;C:\Users\lenovo\Desktop\MaraBatch\ActiTIME\target\classes;C:\Users\lenovo\.m2\repository\org\testng\testng\7.10.2\testng-7.10.2.jar;C:\Users\lenovo\.m2\repository\org\slf4j\slf4j-api\1.7.36\slf4j-api-1.7.36.jar;C:\Users\lenovo\.m2\repository\com\beust\jcommander\1.82\jcommander-1.82.jar;C:\Users\lenovo\.m2\repository\org\webjars\jquery\3.7.1\jquery-3.7.1.jar;C:\Users\lenovo\.m2\repository\org\apache\poi\poi-ooxml\5.2.5\poi-ooxml-5.2.5.jar;C:\Users\lenovo\.m2\repository\org\apache\poi\poi-ooxml-lite\5.2.5\poi-ooxml-lite-5.2.5.jar;C:\Users\lenovo\.m2\repository\org\apache\xmlbeans\xmlbeans\5.2.0\xmlbeans-5.2.0.jar;C:\Users\lenovo\.m2\repository\org\apache\commons\commons-compress\1.25.0\commons-compress-1.25.0.jar;C:\Users\lenovo\.m2\repository\commons-io\commons-io\2.15.0\commons-io-2.15.0.jar;C:\Users\lenovo\.m2\repository\com\github\virtuald\curvesapi\1.08\curvesapi-1.08.jar;C:\Users\lenovo\.m2\repository\org\apache\logging\log4j\log4j-api\2.21.1\log4j-api-2.21.1.jar;C:\Users\lenovo\.m2\repository\org\apache\commons\commons-collections4\4.4\commons-collections4-4.4.jar;C:\Users\lenovo\.m2\repository\org\apache\poi\poi\5.2.5\poi-5.2.5.jar;C:\Users\lenovo\.m2\repository\commons-codec\commons-codec\1.16.0\commons-codec-1.16.0.jar;C:\Users\lenovo\.m2\repository\org\apache\commons\commons-math3\3.6.1\commons-math3-3.6.1.jar;C:\Users\lenovo\.m2\repository\com\zaxxer\SparseBitSet\1.3\SparseBitSet-1.3.jar;C:\Users\lenovo\.m2\repository\org\seleniumhq\selenium\selenium-java\4.24.0\selenium-java-4.24.0.jar;C:\Users\lenovo\.m2\repository\org\seleniumhq\selenium\selenium-api\4.24.0\selenium-api-4.24.0.jar;C:\Users\lenovo\.m2\repository\org\jspecify\jspecify\1.0.0\jspecify-1.0.0.jar;C:\Users\lenovo\.m2\repository\org\seleniumhq\selenium\selenium-chrome-driver\4.24.0\selenium-chrome-driver-4.24.0.jar;C:\Users\lenovo\.m2\repository\com\google\auto\service\auto-service-annotations\1.1.1\auto-service-annotations-1.1.1.jar;C:\Users\lenovo\.m2\repository\org\seleniumhq\selenium\selenium-chromium-driver\4.24.0\selenium-chromium-driver-4.24.0.jar;C:\Users\lenovo\.m2\repository\org\seleniumhq\selenium\selenium-json\4.24.0\selenium-json-4.24.0.jar;C:\Users\lenovo\.m2\repository\org\seleniumhq\selenium\selenium-manager\4.24.0\selenium-manager-4.24.0.jar;C:\Users\lenovo\.m2\repository\org\seleniumhq\selenium\selenium-devtools-v126\4.24.0\selenium-devtools-v126-4.24.0.jar;C:\Users\lenovo\.m2\repository\org\seleniumhq\selenium\selenium-devtools-v127\4.24.0\selenium-devtools-v127-4.24.0.jar;C:\Users\lenovo\.m2\repository\org\seleniumhq\selenium\selenium-devtools-v128\4.24.0\selenium-devtools-v128-4.24.0.jar;C:\Users\lenovo\.m2\repository\org\seleniumhq\selenium\selenium-devtools-v85\4.24.0\selenium-devtools-v85-4.24.0.jar;C:\Users\lenovo\.m2\repository\org\seleniumhq\selenium\selenium-edge-driver\4.24.0\selenium-edge-driver-4.24.0.jar;C:\Users\lenovo\.m2\repository\org\seleniumhq\selenium\selenium-firefox-driver\4.24.0\selenium-firefox-driver-4.24.0.jar;C:\Users\lenovo\.m2\repository\org\seleniumhq\selenium\selenium-http\4.24.0\selenium-http-4.24.0.jar;C:\Users\lenovo\.m2\repository\dev\failsafe\failsafe\3.3.2\failsafe-3.3.2.jar;C:\Users\lenovo\.m2\repository\org\seleniumhq\selenium\selenium-ie-driver\4.24.0\selenium-ie-driver-4.24.0.jar;C:\Users\lenovo\.m2\repository\org\seleniumhq\selenium\selenium-remote-driver\4.24.0\selenium-remote-driver-4.24.0.jar;C:\Users\lenovo\.m2\repository\com\google\guava\guava\33.3.0-jre\guava-33.3.0-jre.jar;C:\Users\lenovo\.m2\repository\com\google\guava\failureaccess\1.0.2\failureaccess-1.0.2.jar;C:\Users\lenovo\.m2\repository\com\google\guava\listenablefuture\9999.0-empty-to-avoid-conflict-with-guava\listenablefuture-9999.0-empty-to-avoid-conflict-with-guava.jar;C:\Users\lenovo\.m2\repository\com\google\code\findbugs\jsr305\3.0.2\jsr305-3.0.2.jar;C:\Users\lenovo\.m2\repository\org\checkerframework\checker-qual\3.43.0\checker-qual-3.43.0.jar;C:\Users\lenovo\.m2\repository\com\google\errorprone\error_prone_annotations\2.28.0\error_prone_annotations-2.28.0.jar;C:\Users\lenovo\.m2\repository\com\google\j2objc\j2objc-annotations\3.0.0\j2objc-annotations-3.0.0.jar;C:\Users\lenovo\.m2\repository\io\opentelemetry\semconv\opentelemetry-semconv\1.25.0-alpha\opentelemetry-semconv-1.25.0-alpha.jar;C:\Users\lenovo\.m2\repository\io\opentelemetry\opentelemetry-api\1.41.0\opentelemetry-api-1.41.0.jar;C:\Users\lenovo\.m2\repository\io\opentelemetry\opentelemetry-context\1.41.0\opentelemetry-context-1.41.0.jar;C:\Users\lenovo\.m2\repository\io\opentelemetry\opentelemetry-exporter-logging\1.41.0\opentelemetry-exporter-logging-1.41.0.jar;C:\Users\lenovo\.m2\repository\io\opentelemetry\opentelemetry-sdk-common\1.41.0\opentelemetry-sdk-common-1.41.0.jar;C:\Users\lenovo\.m2\repository\io\opentelemetry\opentelemetry-sdk-extension-autoconfigure-spi\1.41.0\opentelemetry-sdk-extension-autoconfigure-spi-1.41.0.jar;C:\Users\lenovo\.m2\repository\io\opentelemetry\opentelemetry-sdk-extension-autoconfigure\1.41.0\opentelemetry-sdk-extension-autoconfigure-1.41.0.jar;C:\Users\lenovo\.m2\repository\io\opentelemetry\opentelemetry-api-incubator\1.41.0-alpha\opentelemetry-api-incubator-1.41.0-alpha.jar;C:\Users\lenovo\.m2\repository\io\opentelemetry\opentelemetry-sdk-trace\1.41.0\opentelemetry-sdk-trace-1.41.0.jar;C:\Users\lenovo\.m2\repository\io\opentelemetry\opentelemetry-sdk\1.41.0\opentelemetry-sdk-1.41.0.jar;C:\Users\lenovo\.m2\repository\io\opentelemetry\opentelemetry-sdk-metrics\1.41.0\opentelemetry-sdk-metrics-1.41.0.jar;C:\Users\lenovo\.m2\repository\io\opentelemetry\opentelemetry-sdk-logs\1.41.0\opentelemetry-sdk-logs-1.41.0.jar;C:\Users\lenovo\.m2\repository\net\bytebuddy\byte-buddy\1.15.0\byte-buddy-1.15.0.jar;C:\Users\lenovo\.m2\repository\org\seleniumhq\selenium\selenium-os\4.24.0\selenium-os-4.24.0.jar;C:\Users\lenovo\.m2\repository\org\apache\commons\commons-exec\1.4.0\commons-exec-1.4.0.jar;C:\Users\lenovo\.m2\repository\org\seleniumhq\selenium\selenium-safari-driver\4.24.0\selenium-safari-driver-4.24.0.jar;C:\Users\lenovo\.m2\repository\org\seleniumhq\selenium\selenium-support\4.24.0\selenium-support-4.24.0.jar;C:\Users\lenovo\.m2\repository\io\github\bonigarcia\webdrivermanager\5.8.0\webdrivermanager-5.8.0.jar;C:\Users\lenovo\.m2\repository\com\google\code\gson\gson\2.10.1\gson-2.10.1.jar;C:\Users\lenovo\.m2\repository\com\github\docker-java\docker-java\3.3.6\docker-java-3.3.6.jar;C:\Users\lenovo\.m2\repository\com\github\docker-java\docker-java-core\3.3.6\docker-java-core-3.3.6.jar;C:\Users\lenovo\.m2\repository\com\github\docker-java\docker-java-api\3.3.6\docker-java-api-3.3.6.jar;C:\Users\lenovo\.m2\repository\com\fasterxml\jackson\core\jackson-annotations\2.10.3\jackson-annotations-2.10.3.jar;C:\Users\lenovo\.m2\repository\com\fasterxml\jackson\core\jackson-databind\2.10.3\jackson-databind-2.10.3.jar;C:\Users\lenovo\.m2\repository\com\fasterxml\jackson\core\jackson-core\2.10.3\jackson-core-2.10.3.jar;C:\Users\lenovo\.m2\repository\org\bouncycastle\bcpkix-jdk18on\1.76\bcpkix-jdk18on-1.76.jar;C:\Users\lenovo\.m2\repository\org\bouncycastle\bcprov-jdk18on\1.76\bcprov-jdk18on-1.76.jar;C:\Users\lenovo\.m2\repository\org\bouncycastle\bcutil-jdk18on\1.76\bcutil-jdk18on-1.76.jar;C:\Users\lenovo\.m2\repository\org\slf4j\jcl-over-slf4j\1.7.30\jcl-over-slf4j-1.7.30.jar;C:\Users\lenovo\.m2\repository\com\github\docker-java\docker-java-transport-httpclient5\3.3.6\docker-java-transport-httpclient5-3.3.6.jar;C:\Users\lenovo\.m2\repository\com\github\docker-java\docker-java-transport\3.3.6\docker-java-transport-3.3.6.jar;C:\Users\lenovo\.m2\repository\net\java\dev\jna\jna\5.13.0\jna-5.13.0.jar;C:\Users\lenovo\.m2\repository\org\brotli\dec\0.1.2\dec-0.1.2.jar;C:\Users\lenovo\.m2\repository\org\apache\commons\commons-lang3\3.14.0\commons-lang3-3.14.0.jar;C:\Users\lenovo\.m2\repository\org\apache\httpcomponents\client5\httpclient5\5.2.1\httpclient5-5.2.1.jar;C:\Users\lenovo\.m2\repository\org\apache\httpcomponents\core5\httpcore5\5.2\httpcore5-5.2.jar;C:\Users\lenovo\.m2\repository\org\apache\httpcomponents\core5\httpcore5-h2\5.2\httpcore5-h2-5.2.jar;"/>
    <property name="java.vm.vendor" value="Oracle Corporation"/>
    <property name="sun.arch.data.model" value="64"/>
    <property name="user.variant" value=""/>
    <property name="java.vendor.url" value="https://java.oracle.com/"/>
    <property name="user.timezone" value="Asia/Calcutta"/>
    <property name="os.name" value="Windows 11"/>
    <property name="java.vm.specification.version" value="17"/>
    <property name="sun.java.launcher" value="SUN_STANDARD"/>
    <property name="user.country" value="IN"/>
    <property name="sun.boot.library.path" value="C:\Program Files\Java\jdk-17\bin"/>
    <property name="sun.java.command" value="C:\Users\lenovo\AppData\Local\Temp\surefire13637948541517389293\surefirebooter-20240926110845219_3.jar C:\Users\lenovo\AppData\Local\Temp\surefire13637948541517389293 2024-09-26T11-08-44_832-jvmRun1 surefire-20240926110845219_1tmp surefire_0-20240926110845219_2tmp"/>
    <property name="jdk.debug" value="release"/>
    <property name="surefire.test.class.path" value="C:\Users\lenovo\Desktop\MaraBatch\ActiTIME\target\test-classes;C:\Users\lenovo\Desktop\MaraBatch\ActiTIME\target\classes;C:\Users\lenovo\.m2\repository\org\testng\testng\7.10.2\testng-7.10.2.jar;C:\Users\lenovo\.m2\repository\org\slf4j\slf4j-api\1.7.36\slf4j-api-1.7.36.jar;C:\Users\lenovo\.m2\repository\com\beust\jcommander\1.82\jcommander-1.82.jar;C:\Users\lenovo\.m2\repository\org\webjars\jquery\3.7.1\jquery-3.7.1.jar;C:\Users\lenovo\.m2\repository\org\apache\poi\poi-ooxml\5.2.5\poi-ooxml-5.2.5.jar;C:\Users\lenovo\.m2\repository\org\apache\poi\poi-ooxml-lite\5.2.5\poi-ooxml-lite-5.2.5.jar;C:\Users\lenovo\.m2\repository\org\apache\xmlbeans\xmlbeans\5.2.0\xmlbeans-5.2.0.jar;C:\Users\lenovo\.m2\repository\org\apache\commons\commons-compress\1.25.0\commons-compress-1.25.0.jar;C:\Users\lenovo\.m2\repository\commons-io\commons-io\2.15.0\commons-io-2.15.0.jar;C:\Users\lenovo\.m2\repository\com\github\virtuald\curvesapi\1.08\curvesapi-1.08.jar;C:\Users\lenovo\.m2\repository\org\apache\logging\log4j\log4j-api\2.21.1\log4j-api-2.21.1.jar;C:\Users\lenovo\.m2\repository\org\apache\commons\commons-collections4\4.4\commons-collections4-4.4.jar;C:\Users\lenovo\.m2\repository\org\apache\poi\poi\5.2.5\poi-5.2.5.jar;C:\Users\lenovo\.m2\repository\commons-codec\commons-codec\1.16.0\commons-codec-1.16.0.jar;C:\Users\lenovo\.m2\repository\org\apache\commons\commons-math3\3.6.1\commons-math3-3.6.1.jar;C:\Users\lenovo\.m2\repository\com\zaxxer\SparseBitSet\1.3\SparseBitSet-1.3.jar;C:\Users\lenovo\.m2\repository\org\seleniumhq\selenium\selenium-java\4.24.0\selenium-java-4.24.0.jar;C:\Users\lenovo\.m2\repository\org\seleniumhq\selenium\selenium-api\4.24.0\selenium-api-4.24.0.jar;C:\Users\lenovo\.m2\repository\org\jspecify\jspecify\1.0.0\jspecify-1.0.0.jar;C:\Users\lenovo\.m2\repository\org\seleniumhq\selenium\selenium-chrome-driver\4.24.0\selenium-chrome-driver-4.24.0.jar;C:\Users\lenovo\.m2\repository\com\google\auto\service\auto-service-annotations\1.1.1\auto-service-annotations-1.1.1.jar;C:\Users\lenovo\.m2\repository\org\seleniumhq\selenium\selenium-chromium-driver\4.24.0\selenium-chromium-driver-4.24.0.jar;C:\Users\lenovo\.m2\repository\org\seleniumhq\selenium\selenium-json\4.24.0\selenium-json-4.24.0.jar;C:\Users\lenovo\.m2\repository\org\seleniumhq\selenium\selenium-manager\4.24.0\selenium-manager-4.24.0.jar;C:\Users\lenovo\.m2\repository\org\seleniumhq\selenium\selenium-devtools-v126\4.24.0\selenium-devtools-v126-4.24.0.jar;C:\Users\lenovo\.m2\repository\org\seleniumhq\selenium\selenium-devtools-v127\4.24.0\selenium-devtools-v127-4.24.0.jar;C:\Users\lenovo\.m2\repository\org\seleniumhq\selenium\selenium-devtools-v128\4.24.0\selenium-devtools-v128-4.24.0.jar;C:\Users\lenovo\.m2\repository\org\seleniumhq\selenium\selenium-devtools-v85\4.24.0\selenium-devtools-v85-4.24.0.jar;C:\Users\lenovo\.m2\repository\org\seleniumhq\selenium\selenium-edge-driver\4.24.0\selenium-edge-driver-4.24.0.jar;C:\Users\lenovo\.m2\repository\org\seleniumhq\selenium\selenium-firefox-driver\4.24.0\selenium-firefox-driver-4.24.0.jar;C:\Users\lenovo\.m2\repository\org\seleniumhq\selenium\selenium-http\4.24.0\selenium-http-4.24.0.jar;C:\Users\lenovo\.m2\repository\dev\failsafe\failsafe\3.3.2\failsafe-3.3.2.jar;C:\Users\lenovo\.m2\repository\org\seleniumhq\selenium\selenium-ie-driver\4.24.0\selenium-ie-driver-4.24.0.jar;C:\Users\lenovo\.m2\repository\org\seleniumhq\selenium\selenium-remote-driver\4.24.0\selenium-remote-driver-4.24.0.jar;C:\Users\lenovo\.m2\repository\com\google\guava\guava\33.3.0-jre\guava-33.3.0-jre.jar;C:\Users\lenovo\.m2\repository\com\google\guava\failureaccess\1.0.2\failureaccess-1.0.2.jar;C:\Users\lenovo\.m2\repository\com\google\guava\listenablefuture\9999.0-empty-to-avoid-conflict-with-guava\listenablefuture-9999.0-empty-to-avoid-conflict-with-guava.jar;C:\Users\lenovo\.m2\repository\com\google\code\findbugs\jsr305\3.0.2\jsr305-3.0.2.jar;C:\Users\lenovo\.m2\repository\org\checkerframework\checker-qual\3.43.0\checker-qual-3.43.0.jar;C:\Users\lenovo\.m2\repository\com\google\errorprone\error_prone_annotations\2.28.0\error_prone_annotations-2.28.0.jar;C:\Users\lenovo\.m2\repository\com\google\j2objc\j2objc-annotations\3.0.0\j2objc-annotations-3.0.0.jar;C:\Users\lenovo\.m2\repository\io\opentelemetry\semconv\opentelemetry-semconv\1.25.0-alpha\opentelemetry-semconv-1.25.0-alpha.jar;C:\Users\lenovo\.m2\repository\io\opentelemetry\opentelemetry-api\1.41.0\opentelemetry-api-1.41.0.jar;C:\Users\lenovo\.m2\repository\io\opentelemetry\opentelemetry-context\1.41.0\opentelemetry-context-1.41.0.jar;C:\Users\lenovo\.m2\repository\io\opentelemetry\opentelemetry-exporter-logging\1.41.0\opentelemetry-exporter-logging-1.41.0.jar;C:\Users\lenovo\.m2\repository\io\opentelemetry\opentelemetry-sdk-common\1.41.0\opentelemetry-sdk-common-1.41.0.jar;C:\Users\lenovo\.m2\repository\io\opentelemetry\opentelemetry-sdk-extension-autoconfigure-spi\1.41.0\opentelemetry-sdk-extension-autoconfigure-spi-1.41.0.jar;C:\Users\lenovo\.m2\repository\io\opentelemetry\opentelemetry-sdk-extension-autoconfigure\1.41.0\opentelemetry-sdk-extension-autoconfigure-1.41.0.jar;C:\Users\lenovo\.m2\repository\io\opentelemetry\opentelemetry-api-incubator\1.41.0-alpha\opentelemetry-api-incubator-1.41.0-alpha.jar;C:\Users\lenovo\.m2\repository\io\opentelemetry\opentelemetry-sdk-trace\1.41.0\opentelemetry-sdk-trace-1.41.0.jar;C:\Users\lenovo\.m2\repository\io\opentelemetry\opentelemetry-sdk\1.41.0\opentelemetry-sdk-1.41.0.jar;C:\Users\lenovo\.m2\repository\io\opentelemetry\opentelemetry-sdk-metrics\1.41.0\opentelemetry-sdk-metrics-1.41.0.jar;C:\Users\lenovo\.m2\repository\io\opentelemetry\opentelemetry-sdk-logs\1.41.0\opentelemetry-sdk-logs-1.41.0.jar;C:\Users\lenovo\.m2\repository\net\bytebuddy\byte-buddy\1.15.0\byte-buddy-1.15.0.jar;C:\Users\lenovo\.m2\repository\org\seleniumhq\selenium\selenium-os\4.24.0\selenium-os-4.24.0.jar;C:\Users\lenovo\.m2\repository\org\apache\commons\commons-exec\1.4.0\commons-exec-1.4.0.jar;C:\Users\lenovo\.m2\repository\org\seleniumhq\selenium\selenium-safari-driver\4.24.0\selenium-safari-driver-4.24.0.jar;C:\Users\lenovo\.m2\repository\org\seleniumhq\selenium\selenium-support\4.24.0\selenium-support-4.24.0.jar;C:\Users\lenovo\.m2\repository\io\github\bonigarcia\webdrivermanager\5.8.0\webdrivermanager-5.8.0.jar;C:\Users\lenovo\.m2\repository\com\google\code\gson\gson\2.10.1\gson-2.10.1.jar;C:\Users\lenovo\.m2\repository\com\github\docker-java\docker-java\3.3.6\docker-java-3.3.6.jar;C:\Users\lenovo\.m2\repository\com\github\docker-java\docker-java-core\3.3.6\docker-java-core-3.3.6.jar;C:\Users\lenovo\.m2\repository\com\github\docker-java\docker-java-api\3.3.6\docker-java-api-3.3.6.jar;C:\Users\lenovo\.m2\repository\com\fasterxml\jackson\core\jackson-annotations\2.10.3\jackson-annotations-2.10.3.jar;C:\Users\lenovo\.m2\repository\com\fasterxml\jackson\core\jackson-databind\2.10.3\jackson-databind-2.10.3.jar;C:\Users\lenovo\.m2\repository\com\fasterxml\jackson\core\jackson-core\2.10.3\jackson-core-2.10.3.jar;C:\Users\lenovo\.m2\repository\org\bouncycastle\bcpkix-jdk18on\1.76\bcpkix-jdk18on-1.76.jar;C:\Users\lenovo\.m2\repository\org\bouncycastle\bcprov-jdk18on\1.76\bcprov-jdk18on-1.76.jar;C:\Users\lenovo\.m2\repository\org\bouncycastle\bcutil-jdk18on\1.76\bcutil-jdk18on-1.76.jar;C:\Users\lenovo\.m2\repository\org\slf4j\jcl-over-slf4j\1.7.30\jcl-over-slf4j-1.7.30.jar;C:\Users\lenovo\.m2\repository\com\github\docker-java\docker-java-transport-httpclient5\3.3.6\docker-java-transport-httpclient5-3.3.6.jar;C:\Users\lenovo\.m2\repository\com\github\docker-java\docker-java-transport\3.3.6\docker-java-transport-3.3.6.jar;C:\Users\lenovo\.m2\repository\net\java\dev\jna\jna\5.13.0\jna-5.13.0.jar;C:\Users\lenovo\.m2\repository\org\brotli\dec\0.1.2\dec-0.1.2.jar;C:\Users\lenovo\.m2\repository\org\apache\commons\commons-lang3\3.14.0\commons-lang3-3.14.0.jar;C:\Users\lenovo\.m2\repository\org\apache\httpcomponents\client5\httpclient5\5.2.1\httpclient5-5.2.1.jar;C:\Users\lenovo\.m2\repository\org\apache\httpcomponents\core5\httpcore5\5.2\httpcore5-5.2.jar;C:\Users\lenovo\.m2\repository\org\apache\httpcomponents\core5\httpcore5-h2\5.2\httpcore5-h2-5.2.jar;"/>
    <property name="sun.cpu.endian" value="little"/>
    <property name="user.home" value="C:\Users\lenovo"/>
    <property name="user.language" value="en"/>
    <property name="java.specification.vendor" value="Oracle Corporation"/>
    <property name="java.version.date" value="2023-04-18"/>
    <property name="java.home" value="C:\Program Files\Java\jdk-17"/>
    <property name="file.separator" value="\"/>
    <property name="style.color" value="always"/>
    <property name="basedir" value="C:\Users\lenovo\Desktop\MaraBatch\ActiTIME"/>
    <property name="java.vm.compressedOopsMode" value="32-bit"/>
    <property name="line.separator" value="&#10;"/>
    <property name="java.vm.specification.vendor" value="Oracle Corporation"/>
    <property name="java.specification.name" value="Java Platform API Specification"/>
    <property name="surefire.real.class.path" value="C:\Users\lenovo\AppData\Local\Temp\surefire13637948541517389293\surefirebooter-20240926110845219_3.jar"/>
    <property name="user.script" value=""/>
    <property name="sun.management.compiler" value="HotSpot 64-Bit Tiered Compilers"/>
    <property name="java.runtime.version" value="17.0.7+8-LTS-224"/>
    <property name="user.name" value="lenovo"/>
    <property name="path.separator" value=";"/>
    <property name="os.version" value="10.0"/>
    <property name="java.runtime.name" value="Java(TM) SE Runtime Environment"/>
    <property name="file.encoding" value="Cp1252"/>
    <property name="java.vm.name" value="Java HotSpot(TM) 64-Bit Server VM"/>
    <property name="localRepository" value="C:\Users\lenovo\.m2\repository"/>
    <property name="java.vendor.url.bug" value="https://bugreport.java.com/bugreport/"/>
    <property name="java.io.tmpdir" value="C:\Users\lenovo\AppData\Local\Temp\"/>
    <property name="java.version" value="17.0.7"/>
    <property name="user.dir" value="C:\Users\lenovo\Desktop\MaraBatch\ActiTIME"/>
    <property name="os.arch" value="amd64"/>
    <property name="java.vm.specification.name" value="Java Virtual Machine Specification"/>
    <property name="sun.os.patch.level" value=""/>
    <property name="native.encoding" value="Cp1252"/>
    <property name="java.library.path" value="C:\Program Files\Java\jdk-17\bin;C:\WINDOWS\Sun\Java\bin;C:\WINDOWS\system32;C:\WINDOWS;C:/Users/lenovo/Downloads/eclipse-java-2022-09-R-win32-x86_64/eclipse//plugins/org.eclipse.justj.openjdk.hotspot.jre.full.win32.x86_64_17.0.4.v20220903-1038/jre/bin/server;C:/Users/lenovo/Downloads/eclipse-java-2022-09-R-win32-x86_64/eclipse//plugins/org.eclipse.justj.openjdk.hotspot.jre.full.win32.x86_64_17.0.4.v20220903-1038/jre/bin;C:\Program Files\Common Files\Oracle\Java\javapath;C:\oracle\product\10.2.0\db_1\bin;C:\Program Files\Python312\Scripts\;C:\Program Files\Python312\;C:\WINDOWS\system32;C:\WINDOWS;C:\WINDOWS\System32\Wbem;C:\WINDOWS\System32\WindowsPowerShell\v1.0\;C:\WINDOWS\System32\OpenSSH\;C:\Users\lenovo\Downloads\allure-2.25.0\allure-2.25.0\bin;C:\Program Files\Git\cmd;C:\Users\lenovo\Downloads\apache-maven-3.9.9-bin\apache-maven-3.9.9\bin;C:\Users\lenovo\AppData\Local\Microsoft\WindowsApps;C:\Users\lenovo\AppData\Local\Programs\Microsoft VS Code\bin;C:\Users\lenovo\Downloads\eclipse-java-2022-09-R-win32-x86_64\eclipse;;."/>
    <property name="java.vm.info" value="mixed mode, sharing"/>
    <property name="java.vendor" value="Oracle Corporation"/>
    <property name="java.vm.version" value="17.0.7+8-LTS-224"/>
    <property name="sun.io.unicode.encoding" value="UnicodeLittle"/>
    <property name="java.class.version" value="61.0"/>
  </properties>
  <testcase name="login" classname="com.actitime.testcases.TC1_LoginLogout" time="1.106">
    <system-err><![CDATA[SLF4J: Failed to load class "org.slf4j.impl.StaticLoggerBinder".
SLF4J: Defaulting to no-operation (NOP) logger implementation
SLF4J: See http://www.slf4j.org/codes.html#StaticLoggerBinder for further details.
Sep 26, 2024 11:08:47 AM org.openqa.selenium.devtools.CdpVersionFinder findNearestMatch
WARNING: Unable to find an exact match for CDP version 129, returning the closest version; found: 128; Please update to a Selenium version that supports CDP version 129
ERROR StatusLogger Log4j2 could not find a logging implementation. Please add log4j-core to the classpath. Using SimpleLogger to log to the console...
]]></system-err>
  </testcase>
  <testcase name="logout" classname="com.actitime.testcases.TC1_LoginLogout" time="3.679"/>
</testsuite>