<?xml version="1.0" encoding="UTF-8"?>
<!-- Generated by org.testng.reporters.JUnitReportReporter -->
<testsuite hostname="DESKTOP-56C0EHH" failures="0" tests="2" name="com.actitime.testcases.TC1_LoginLogout" time="4.422" errors="0" timestamp="2024-09-25T11:36:54 IST" skipped="0">
  <testcase classname="com.actitime.testcases.TC1_LoginLogout" name="login" time="0.924"/>
  <testcase classname="com.actitime.testcases.TC1_LoginLogout" name="logout" time="3.498"/>
</testsuite> <!-- com.actitime.testcases.TC1_LoginLogout -->
