<?xml version="1.0" encoding="UTF-8"?>
<!-- Generated by org.testng.reporters.JUnitReportReporter -->
<testsuite hostname="DESKTOP-56C0EHH" failures="0" tests="2" name="com.actitime.testcases.TC1_LoginLogout" time="4.794" errors="0" timestamp="2024-09-26T11:09:00 IST" skipped="0">
  <testcase classname="com.actitime.testcases.TC1_LoginLogout" name="logout" time="3.687"/>
  <testcase classname="com.actitime.testcases.TC1_LoginLogout" name="login" time="1.107"/>
</testsuite> <!-- com.actitime.testcases.TC1_LoginLogout -->
